{"name": "Проверить, что кнопка Показать пароль делает активным поле для ввода пароля", "status": "broken", "statusDetails": {"message": "selenium.common.exceptions.ElementClickInterceptedException: Message: Element <div class=\"input__icon input__icon-action\"> is not clickable at point (747,376) because another element <div class=\"Modal_modal_overlay__x2ZCr\"> obscures it\nStacktrace:\nRemoteError@chrome://remote/content/shared/RemoteError.sys.mjs:8:8\nWebDriverError@chrome://remote/content/shared/webdriver/Errors.sys.mjs:192:5\nElementClickInterceptedError@chrome://remote/content/shared/webdriver/Errors.sys.mjs:336:5\nwebdriverClickElement@chrome://remote/content/marionette/interaction.sys.mjs:176:11\ninteraction.clickElement@chrome://remote/content/marionette/interaction.sys.mjs:135:11\nclickElement@chrome://remote/content/marionette/actors/MarionetteCommandsChild.sys.mjs:204:29\nreceiveMessage@chrome://remote/content/marionette/actors/MarionetteCommandsChild.sys.mjs:84:31", "trace": "self = <test_password_recovery_page.TestPasswordRecovery object at 0x000002768211A030>, driver = <selenium.webdriver.firefox.webdriver.WebDriver (session=\"cb62873c-f84c-4a87-be05-8cb35465d69e\")>\nmake_user = <function make_user.<locals>._make_user at 0x000002768279CC20>, create_user_payload = <function create_user_payload.<locals>._create_user_payload at 0x000002768279CFE0>\n\n    @allure.title('Проверить, что кнопка Показать пароль делает активным поле для ввода пароля')\n    def test_password_reset_gets_highlighted(self, driver, make_user, create_user_payload):\n        recovery_password_page = RecoveryPasswordPage(driver)\n        recovery_password_page.open_page(Constants.RECOVER_PASSWORD)\n        recovery_password_page.wait_for_recovery_page_load()\n        payload = create_user_payload(name='rand', password='rand', email='rand')\n        user = make_user(data=payload)\n        email = payload[\"email\"]\n        recovery_password_page.enter_email(email)\n        recovery_password_page.click_recover_button()\n        reset_password_page = ResetPasswordPage(driver)\n        reset_password_page.wait_for_recovery_page_load()\n        reset_password_page.check_page(subdir=Constants.RESET_PASSWORD)\n>       reset_password_page.click_show_password()\n\ntests\\test_password_recovery_page.py:46: \n_ _ _ _ _ _ _ _ _ _ _ _ _ _ _ _ _ _ _ _ _ _ _ _ _ _ _ _ _ _ _ _ _ _ _ _ _ _ _ _ _ _ _ _ _ _ _ _ _ _ _ _ _ _ _ _ _ _ _ _ _ _ _ _ _ _ _ _ _ _ _ _ _ _ _ _ _ _ _ _ _ _ _ _ _ _ _ _ _ _ _ _ _ _ _ _ _ _ _ _ _ _ _ _ _ _ _ _ _ _ _ _ _ _\npages\\reset_password_page.py:11: in click_show_password\n    self.click_element(PasswordLocators.SHOW_PASSWORD_BUTTON)\npages\\base_page.py:44: in click_element\n    message=f'Element not found in {locator}').click()\nvenv\\Lib\\site-packages\\selenium\\webdriver\\remote\\webelement.py:94: in click\n    self._execute(Command.CLICK_ELEMENT)\nvenv\\Lib\\site-packages\\selenium\\webdriver\\remote\\webelement.py:395: in _execute\n    return self._parent.execute(command, params)\nvenv\\Lib\\site-packages\\selenium\\webdriver\\remote\\webdriver.py:347: in execute\n    self.error_handler.check_response(response)\n_ _ _ _ _ _ _ _ _ _ _ _ _ _ _ _ _ _ _ _ _ _ _ _ _ _ _ _ _ _ _ _ _ _ _ _ _ _ _ _ _ _ _ _ _ _ _ _ _ _ _ _ _ _ _ _ _ _ _ _ _ _ _ _ _ _ _ _ _ _ _ _ _ _ _ _ _ _ _ _ _ _ _ _ _ _ _ _ _ _ _ _ _ _ _ _ _ _ _ _ _ _ _ _ _ _ _ _ _ _ _ _ _ _\n\nself = <selenium.webdriver.remote.errorhandler.ErrorHandler object at 0x000002768278E3C0>\nresponse = {'status': 400, 'value': '{\"value\":{\"error\":\"element click intercepted\",\"message\":\"Element <div class=\\\\\"input__icon i...sys.mjs:204:29\\\\nreceiveMessage@chrome://remote/content/marionette/actors/MarionetteCommandsChild.sys.mjs:84:31\\\\n\"}}'}\n\n    def check_response(self, response: Dict[str, Any]) -> None:\n        \"\"\"Checks that a JSON response from the WebDriver does not have an\n        error.\n    \n        :Args:\n         - response - The JSON response from the WebDriver server as a dictionary\n           object.\n    \n        :Raises: If the response contains an error message.\n        \"\"\"\n        status = response.get(\"status\", None)\n        if not status or status == ErrorCode.SUCCESS:\n            return\n        value = None\n        message = response.get(\"message\", \"\")\n        screen: str = response.get(\"screen\", \"\")\n        stacktrace = None\n        if isinstance(status, int):\n            value_json = response.get(\"value\", None)\n            if value_json and isinstance(value_json, str):\n                import json\n    \n                try:\n                    value = json.loads(value_json)\n                    if len(value) == 1:\n                        value = value[\"value\"]\n                    status = value.get(\"error\", None)\n                    if not status:\n                        status = value.get(\"status\", ErrorCode.UNKNOWN_ERROR)\n                        message = value.get(\"value\") or value.get(\"message\")\n                        if not isinstance(message, str):\n                            value = message\n                            message = message.get(\"message\")\n                    else:\n                        message = value.get(\"message\", None)\n                except ValueError:\n                    pass\n    \n        exception_class: Type[WebDriverException]\n        e = ErrorCode()\n        error_codes = [item for item in dir(e) if not item.startswith(\"__\")]\n        for error_code in error_codes:\n            error_info = getattr(ErrorCode, error_code)\n            if isinstance(error_info, list) and status in error_info:\n                exception_class = getattr(ExceptionMapping, error_code, WebDriverException)\n                break\n        else:\n            exception_class = WebDriverException\n    \n        if not value:\n            value = response[\"value\"]\n        if isinstance(value, str):\n            raise exception_class(value)\n        if message == \"\" and \"message\" in value:\n            message = value[\"message\"]\n    \n        screen = None  # type: ignore[assignment]\n        if \"screen\" in value:\n            screen = value[\"screen\"]\n    \n        stacktrace = None\n        st_value = value.get(\"stackTrace\") or value.get(\"stacktrace\")\n        if st_value:\n            if isinstance(st_value, str):\n                stacktrace = st_value.split(\"\\n\")\n            else:\n                stacktrace = []\n                try:\n                    for frame in st_value:\n                        line = frame.get(\"lineNumber\", \"\")\n                        file = frame.get(\"fileName\", \"<anonymous>\")\n                        if line:\n                            file = f\"{file}:{line}\"\n                        meth = frame.get(\"methodName\", \"<anonymous>\")\n                        if \"className\" in frame:\n                            meth = f\"{frame['className']}.{meth}\"\n                        msg = \"    at %s (%s)\"\n                        msg = msg % (meth, file)\n                        stacktrace.append(msg)\n                except TypeError:\n                    pass\n        if exception_class == UnexpectedAlertPresentException:\n            alert_text = None\n            if \"data\" in value:\n                alert_text = value[\"data\"].get(\"text\")\n            elif \"alert\" in value:\n                alert_text = value[\"alert\"].get(\"text\")\n            raise exception_class(message, screen, stacktrace, alert_text)  # type: ignore[call-arg]  # mypy is not smart enough here\n>       raise exception_class(message, screen, stacktrace)\nE       selenium.common.exceptions.ElementClickInterceptedException: Message: Element <div class=\"input__icon input__icon-action\"> is not clickable at point (747,376) because another element <div class=\"Modal_modal_overlay__x2ZCr\"> obscures it\nE       Stacktrace:\nE       RemoteError@chrome://remote/content/shared/RemoteError.sys.mjs:8:8\nE       WebDriverError@chrome://remote/content/shared/webdriver/Errors.sys.mjs:192:5\nE       ElementClickInterceptedError@chrome://remote/content/shared/webdriver/Errors.sys.mjs:336:5\nE       webdriverClickElement@chrome://remote/content/marionette/interaction.sys.mjs:176:11\nE       interaction.clickElement@chrome://remote/content/marionette/interaction.sys.mjs:135:11\nE       clickElement@chrome://remote/content/marionette/actors/MarionetteCommandsChild.sys.mjs:204:29\nE       receiveMessage@chrome://remote/content/marionette/actors/MarionetteCommandsChild.sys.mjs:84:31\n\nvenv\\Lib\\site-packages\\selenium\\webdriver\\remote\\errorhandler.py:229: ElementClickInterceptedException"}, "steps": [{"name": "Открытие страницы", "status": "passed", "parameters": [{"name": "subdir", "value": "'forgot-password'"}], "start": 1712573451389, "stop": 1712573458742}, {"name": "Ожидание загрузки заголовка страницы Восстановления пароля", "status": "passed", "steps": [{"name": "Ожидание загрузки заголовка страницы", "status": "passed", "parameters": [{"name": "locator", "value": "('xpath', \".//h2[text()='Восстановление пароля']\")"}], "start": 1712573458742, "stop": 1712573458758}], "start": 1712573458742, "stop": 1712573458758}, {"name": "Конструируем запрос для пользователя", "status": "passed", "parameters": [{"name": "name", "value": "'rand'"}, {"name": "email", "value": "'rand'"}, {"name": "password", "value": "'rand'"}], "start": 1712573458758, "stop": 1712573458758}, {"name": "Создание пользователя через запрос POST", "status": "passed", "parameters": [{"name": "data", "value": "{'name': 'Alexandra Stanton', 'password': 'Preston Wilson', 'email': 'kara50@example.com'}"}], "start": 1712573458758, "stop": 1712573459499}, {"name": "Ввод значения имейл", "status": "passed", "steps": [{"name": "Ввод текста в элемент", "status": "passed", "steps": [{"name": "Поиск элемента по локатору", "status": "passed", "parameters": [{"name": "locator", "value": "('xpath', \"//label[text()='Email']/following-sibling::*\")"}, {"name": "time", "value": "10"}], "start": 1712573459499, "stop": 1712573459515}], "parameters": [{"name": "locator", "value": "('xpath', \"//label[text()='Email']/following-sibling::*\")"}, {"name": "time", "value": "10"}, {"name": "keys", "value": "'kara50@example.com'"}], "start": 1712573459499, "stop": 1712573459578}], "parameters": [{"name": "email", "value": "'kara50@example.com'"}], "start": 1712573459499, "stop": 1712573459578}, {"name": "Клик на кнопку восстановления пароля", "status": "passed", "steps": [{"name": "Клик по элементу", "status": "passed", "parameters": [{"name": "locator", "value": "('xpath', \"//button[text()='Восстановить']\")"}, {"name": "time", "value": "10"}], "start": 1712573459578, "stop": 1712573459830}], "start": 1712573459578, "stop": 1712573459830}, {"name": "Ожидание загрузки заголовка страницы Восстановления пароля", "status": "passed", "steps": [{"name": "Ожидание загрузки заголовка страницы", "status": "passed", "parameters": [{"name": "locator", "value": "('xpath', \".//h2[text()='Восстановление пароля']\")"}], "start": 1712573459830, "stop": 1712573459838}], "start": 1712573459830, "stop": 1712573459838}, {"name": "Проверка текущего url", "status": "passed", "parameters": [{"name": "subdir", "value": "'reset-password'"}], "start": 1712573459838, "stop": 1712573459838}, {"name": "Клик на кнопку Показать пароль", "status": "broken", "statusDetails": {"message": "selenium.common.exceptions.ElementClickInterceptedException: Message: Element <div class=\"input__icon input__icon-action\"> is not clickable at point (747,376) because another element <div class=\"Modal_modal_overlay__x2ZCr\"> obscures it\nStacktrace:\nRemoteError@chrome://remote/content/shared/RemoteError.sys.mjs:8:8\nWebDriverError@chrome://remote/content/shared/webdriver/Errors.sys.mjs:192:5\nElementClickInterceptedError@chrome://remote/content/shared/webdriver/Errors.sys.mjs:336:5\nwebdriverClickElement@chrome://remote/content/marionette/interaction.sys.mjs:176:11\ninteraction.clickElement@chrome://remote/content/marionette/interaction.sys.mjs:135:11\nclickElement@chrome://remote/content/marionette/actors/MarionetteCommandsChild.sys.mjs:204:29\nreceiveMessage@chrome://remote/content/marionette/actors/MarionetteCommandsChild.sys.mjs:84:31\n\n", "trace": "  File \"C:\\Users\\sitni\\PycharmProjects\\Diplom_Julia_Sitnikova_5\\Diplom_3\\venv\\Lib\\site-packages\\allure_commons\\_allure.py\", line 192, in impl\n    return func(*a, **kw)\n           ^^^^^^^^^^^^^^\n  File \"C:\\Users\\sitni\\PycharmProjects\\Diplom_Julia_Sitnikova_5\\Diplom_3\\pages\\reset_password_page.py\", line 11, in click_show_password\n    self.click_element(PasswordLocators.SHOW_PASSWORD_BUTTON)\n  File \"C:\\Users\\sitni\\PycharmProjects\\Diplom_Julia_Sitnikova_5\\Diplom_3\\venv\\Lib\\site-packages\\allure_commons\\_allure.py\", line 192, in impl\n    return func(*a, **kw)\n           ^^^^^^^^^^^^^^\n  File \"C:\\Users\\sitni\\PycharmProjects\\Diplom_Julia_Sitnikova_5\\Diplom_3\\pages\\base_page.py\", line 44, in click_element\n    message=f'Element not found in {locator}').click()\n                                               ^^^^^^^\n  File \"C:\\Users\\sitni\\PycharmProjects\\Diplom_Julia_Sitnikova_5\\Diplom_3\\venv\\Lib\\site-packages\\selenium\\webdriver\\remote\\webelement.py\", line 94, in click\n    self._execute(Command.CLICK_ELEMENT)\n  File \"C:\\Users\\sitni\\PycharmProjects\\Diplom_Julia_Sitnikova_5\\Diplom_3\\venv\\Lib\\site-packages\\selenium\\webdriver\\remote\\webelement.py\", line 395, in _execute\n    return self._parent.execute(command, params)\n           ^^^^^^^^^^^^^^^^^^^^^^^^^^^^^^^^^^^^^\n  File \"C:\\Users\\sitni\\PycharmProjects\\Diplom_Julia_Sitnikova_5\\Diplom_3\\venv\\Lib\\site-packages\\selenium\\webdriver\\remote\\webdriver.py\", line 347, in execute\n    self.error_handler.check_response(response)\n  File \"C:\\Users\\sitni\\PycharmProjects\\Diplom_Julia_Sitnikova_5\\Diplom_3\\venv\\Lib\\site-packages\\selenium\\webdriver\\remote\\errorhandler.py\", line 229, in check_response\n    raise exception_class(message, screen, stacktrace)\n"}, "steps": [{"name": "Клик по элементу", "status": "broken", "statusDetails": {"message": "selenium.common.exceptions.ElementClickInterceptedException: Message: Element <div class=\"input__icon input__icon-action\"> is not clickable at point (747,376) because another element <div class=\"Modal_modal_overlay__x2ZCr\"> obscures it\nStacktrace:\nRemoteError@chrome://remote/content/shared/RemoteError.sys.mjs:8:8\nWebDriverError@chrome://remote/content/shared/webdriver/Errors.sys.mjs:192:5\nElementClickInterceptedError@chrome://remote/content/shared/webdriver/Errors.sys.mjs:336:5\nwebdriverClickElement@chrome://remote/content/marionette/interaction.sys.mjs:176:11\ninteraction.clickElement@chrome://remote/content/marionette/interaction.sys.mjs:135:11\nclickElement@chrome://remote/content/marionette/actors/MarionetteCommandsChild.sys.mjs:204:29\nreceiveMessage@chrome://remote/content/marionette/actors/MarionetteCommandsChild.sys.mjs:84:31\n\n", "trace": "  File \"C:\\Users\\sitni\\PycharmProjects\\Diplom_Julia_Sitnikova_5\\Diplom_3\\venv\\Lib\\site-packages\\allure_commons\\_allure.py\", line 192, in impl\n    return func(*a, **kw)\n           ^^^^^^^^^^^^^^\n  File \"C:\\Users\\sitni\\PycharmProjects\\Diplom_Julia_Sitnikova_5\\Diplom_3\\pages\\base_page.py\", line 44, in click_element\n    message=f'Element not found in {locator}').click()\n                                               ^^^^^^^\n  File \"C:\\Users\\sitni\\PycharmProjects\\Diplom_Julia_Sitnikova_5\\Diplom_3\\venv\\Lib\\site-packages\\selenium\\webdriver\\remote\\webelement.py\", line 94, in click\n    self._execute(Command.CLICK_ELEMENT)\n  File \"C:\\Users\\sitni\\PycharmProjects\\Diplom_Julia_Sitnikova_5\\Diplom_3\\venv\\Lib\\site-packages\\selenium\\webdriver\\remote\\webelement.py\", line 395, in _execute\n    return self._parent.execute(command, params)\n           ^^^^^^^^^^^^^^^^^^^^^^^^^^^^^^^^^^^^^\n  File \"C:\\Users\\sitni\\PycharmProjects\\Diplom_Julia_Sitnikova_5\\Diplom_3\\venv\\Lib\\site-packages\\selenium\\webdriver\\remote\\webdriver.py\", line 347, in execute\n    self.error_handler.check_response(response)\n  File \"C:\\Users\\sitni\\PycharmProjects\\Diplom_Julia_Sitnikova_5\\Diplom_3\\venv\\Lib\\site-packages\\selenium\\webdriver\\remote\\errorhandler.py\", line 229, in check_response\n    raise exception_class(message, screen, stacktrace)\n"}, "parameters": [{"name": "locator", "value": "('xpath', \".//div[contains(@class, 'input__icon')]\")"}, {"name": "time", "value": "10"}], "start": 1712573459838, "stop": 1712573460850}], "start": 1712573459838, "stop": 1712573460850}], "parameters": [{"name": "driver", "value": "'firefox'"}], "start": 1712573451389, "stop": 1712573460864, "uuid": "55fb34c8-bca6-4bbe-be8a-b0afa89ef563", "historyId": "00587059117cbca672dde1e08619eacf", "testCaseId": "fece5a025d01296a9ff6a4d98e5ac94d", "fullName": "tests.test_password_recovery_page.TestPasswordRecovery#test_password_reset_gets_highlighted", "labels": [{"name": "parentSuite", "value": "tests"}, {"name": "suite", "value": "test_password_recovery_page"}, {"name": "subSuite", "value": "TestPasswordRecovery"}, {"name": "host", "value": "INBOOK_X2_PLUS"}, {"name": "thread", "value": "43840-MainThread"}, {"name": "framework", "value": "pytest"}, {"name": "language", "value": "cpython3"}, {"name": "package", "value": "tests.test_password_recovery_page"}]}