{"name": "Проверить, что после оформления заказа его номер появляется в разделе В работе", "status": "broken", "statusDetails": {"message": "selenium.common.exceptions.JavascriptException: Message: javascript error: {\"status\":32,\"value\":\"Unable to locate an element with the xpath expression ///li[text()=''] because of the following error:\\nSyntaxError: Failed to execute 'evaluate' on 'Document': The string '///li[text()='']' is not a valid XPath expression.\"}\n  (Session info: chrome=123.0.6312.106)\nStacktrace:\n\tGetHandleVerifier [0x003C4CE3+225091]\n\t(No symbol) [0x002F4E31]\n\t(No symbol) [0x00199A7A]\n\t(No symbol) [0x0019DEB0]\n\t(No symbol) [0x0019F862]\n\t(No symbol) [0x0019F8E0]\n\t(No symbol) [0x001D14A8]\n\t(No symbol) [0x001D188B]\n\t(No symbol) [0x00207882]\n\t(No symbol) [0x001EF5A4]\n\t(No symbol) [0x00205CB0]\n\t(No symbol) [0x001EF2F6]\n\t(No symbol) [0x001C79B9]\n\t(No symbol) [0x001C879D]\n\tsqlite3_dbdata_init [0x00839A83+4064547]\n\tsqlite3_dbdata_init [0x0084108A+4094762]\n\tsqlite3_dbdata_init [0x0083B988+4072488]\n\tsqlite3_dbdata_init [0x0053C9E9+930953]\n\t(No symbol) [0x00300804]\n\t(No symbol) [0x002FAD28]\n\t(No symbol) [0x002FAE51]\n\t(No symbol) [0x002ECAC0]\n\tBaseThreadInitThunk [0x76507BA9+25]\n\tRtlInitializeExceptionChain [0x77A1BDAB+107]\n\tRtlClearBits [0x77A1BD2F+191]\n\t(No symbol) [0x00000000]", "trace": "self = <test_order_page.TestOrderList object at 0x0000027682118FE0>, driver = <selenium.webdriver.chrome.webdriver.WebDriver (session=\"5c4d4ee1f5ba70c19917e30019fa2bcb\")>\nmake_user = <function make_user.<locals>._make_user at 0x0000027682815800>, create_user_payload = <function create_user_payload.<locals>._create_user_payload at 0x0000027682815A80>\n\n    @allure.title('Проверить, что после оформления заказа его номер появляется в разделе В работе')\n    def test_new_order_availability_in_work_orders(self, driver, make_user, create_user_payload):\n        page_entrance = PageEntrance(driver)\n        page_entrance.open_page(Constants.ENTRANCE_PAGE)\n        payload = create_user_payload(name='rand', password='rand', email='rand')\n        user = make_user(data=payload)\n        page_entrance.fill_email_and_password_and_enter(email=payload[\"email\"], password=payload[\"password\"])\n        main_page = MainPage(driver)\n        main_page.wait_main_page_header_load()\n        main_page.make_order()\n        order_id = main_page.get_order_id()\n        main_page.click_popup_close()\n        main_page.click_orders_list_button()\n        list_orders = ListOrdersPage(driver)\n        list_orders.wait_orders_list_load()\n>       assert list_orders.check_id_order_at_work_orders(order_id)\n\ntests\\test_order_page.py:87: \n_ _ _ _ _ _ _ _ _ _ _ _ _ _ _ _ _ _ _ _ _ _ _ _ _ _ _ _ _ _ _ _ _ _ _ _ _ _ _ _ _ _ _ _ _ _ _ _ _ _ _ _ _ _ _ _ _ _ _ _ _ _ _ _ _ _ _ _ _ _ _ _ _ _ _ _ _ _ _ _ _ _ _ _ _ _ _ _ _ _ _ _ _ _ _ _ _ _ _ _ _ _ _ _ _ _ _ _ _ _ _ _ _ _\npages\\list_orders_page.py:62: in check_id_order_at_work_orders\n    return self.check_pop_open(locator)\npages\\base_page.py:67: in check_pop_open\n    self.driver.find_element(*locator)\nvenv\\Lib\\site-packages\\selenium\\webdriver\\remote\\webdriver.py:741: in find_element\n    return self.execute(Command.FIND_ELEMENT, {\"using\": by, \"value\": value})[\"value\"]\nvenv\\Lib\\site-packages\\selenium\\webdriver\\remote\\webdriver.py:347: in execute\n    self.error_handler.check_response(response)\n_ _ _ _ _ _ _ _ _ _ _ _ _ _ _ _ _ _ _ _ _ _ _ _ _ _ _ _ _ _ _ _ _ _ _ _ _ _ _ _ _ _ _ _ _ _ _ _ _ _ _ _ _ _ _ _ _ _ _ _ _ _ _ _ _ _ _ _ _ _ _ _ _ _ _ _ _ _ _ _ _ _ _ _ _ _ _ _ _ _ _ _ _ _ _ _ _ _ _ _ _ _ _ _ _ _ _ _ _ _ _ _ _ _\n\nself = <selenium.webdriver.remote.errorhandler.ErrorHandler object at 0x000002768281A210>\nresponse = {'status': 500, 'value': '{\"value\":{\"error\":\"javascript error\",\"message\":\"javascript error: {\\\\\"status\\\\\":32,\\\\\"value\\...\\tRtlInitializeExceptionChain [0x77A1BDAB+107]\\\\n\\\\tRtlClearBits [0x77A1BD2F+191]\\\\n\\\\t(No symbol) [0x00000000]\\\\n\"}}'}\n\n    def check_response(self, response: Dict[str, Any]) -> None:\n        \"\"\"Checks that a JSON response from the WebDriver does not have an\n        error.\n    \n        :Args:\n         - response - The JSON response from the WebDriver server as a dictionary\n           object.\n    \n        :Raises: If the response contains an error message.\n        \"\"\"\n        status = response.get(\"status\", None)\n        if not status or status == ErrorCode.SUCCESS:\n            return\n        value = None\n        message = response.get(\"message\", \"\")\n        screen: str = response.get(\"screen\", \"\")\n        stacktrace = None\n        if isinstance(status, int):\n            value_json = response.get(\"value\", None)\n            if value_json and isinstance(value_json, str):\n                import json\n    \n                try:\n                    value = json.loads(value_json)\n                    if len(value) == 1:\n                        value = value[\"value\"]\n                    status = value.get(\"error\", None)\n                    if not status:\n                        status = value.get(\"status\", ErrorCode.UNKNOWN_ERROR)\n                        message = value.get(\"value\") or value.get(\"message\")\n                        if not isinstance(message, str):\n                            value = message\n                            message = message.get(\"message\")\n                    else:\n                        message = value.get(\"message\", None)\n                except ValueError:\n                    pass\n    \n        exception_class: Type[WebDriverException]\n        e = ErrorCode()\n        error_codes = [item for item in dir(e) if not item.startswith(\"__\")]\n        for error_code in error_codes:\n            error_info = getattr(ErrorCode, error_code)\n            if isinstance(error_info, list) and status in error_info:\n                exception_class = getattr(ExceptionMapping, error_code, WebDriverException)\n                break\n        else:\n            exception_class = WebDriverException\n    \n        if not value:\n            value = response[\"value\"]\n        if isinstance(value, str):\n            raise exception_class(value)\n        if message == \"\" and \"message\" in value:\n            message = value[\"message\"]\n    \n        screen = None  # type: ignore[assignment]\n        if \"screen\" in value:\n            screen = value[\"screen\"]\n    \n        stacktrace = None\n        st_value = value.get(\"stackTrace\") or value.get(\"stacktrace\")\n        if st_value:\n            if isinstance(st_value, str):\n                stacktrace = st_value.split(\"\\n\")\n            else:\n                stacktrace = []\n                try:\n                    for frame in st_value:\n                        line = frame.get(\"lineNumber\", \"\")\n                        file = frame.get(\"fileName\", \"<anonymous>\")\n                        if line:\n                            file = f\"{file}:{line}\"\n                        meth = frame.get(\"methodName\", \"<anonymous>\")\n                        if \"className\" in frame:\n                            meth = f\"{frame['className']}.{meth}\"\n                        msg = \"    at %s (%s)\"\n                        msg = msg % (meth, file)\n                        stacktrace.append(msg)\n                except TypeError:\n                    pass\n        if exception_class == UnexpectedAlertPresentException:\n            alert_text = None\n            if \"data\" in value:\n                alert_text = value[\"data\"].get(\"text\")\n            elif \"alert\" in value:\n                alert_text = value[\"alert\"].get(\"text\")\n            raise exception_class(message, screen, stacktrace, alert_text)  # type: ignore[call-arg]  # mypy is not smart enough here\n>       raise exception_class(message, screen, stacktrace)\nE       selenium.common.exceptions.JavascriptException: Message: javascript error: {\"status\":32,\"value\":\"Unable to locate an element with the xpath expression ///li[text()=''] because of the following error:\\nSyntaxError: Failed to execute 'evaluate' on 'Document': The string '///li[text()='']' is not a valid XPath expression.\"}\nE         (Session info: chrome=123.0.6312.106)\nE       Stacktrace:\nE       \tGetHandleVerifier [0x003C4CE3+225091]\nE       \t(No symbol) [0x002F4E31]\nE       \t(No symbol) [0x00199A7A]\nE       \t(No symbol) [0x0019DEB0]\nE       \t(No symbol) [0x0019F862]\nE       \t(No symbol) [0x0019F8E0]\nE       \t(No symbol) [0x001D14A8]\nE       \t(No symbol) [0x001D188B]\nE       \t(No symbol) [0x00207882]\nE       \t(No symbol) [0x001EF5A4]\nE       \t(No symbol) [0x00205CB0]\nE       \t(No symbol) [0x001EF2F6]\nE       \t(No symbol) [0x001C79B9]\nE       \t(No symbol) [0x001C879D]\nE       \tsqlite3_dbdata_init [0x00839A83+4064547]\nE       \tsqlite3_dbdata_init [0x0084108A+4094762]\nE       \tsqlite3_dbdata_init [0x0083B988+4072488]\nE       \tsqlite3_dbdata_init [0x0053C9E9+930953]\nE       \t(No symbol) [0x00300804]\nE       \t(No symbol) [0x002FAD28]\nE       \t(No symbol) [0x002FAE51]\nE       \t(No symbol) [0x002ECAC0]\nE       \tBaseThreadInitThunk [0x76507BA9+25]\nE       \tRtlInitializeExceptionChain [0x77A1BDAB+107]\nE       \tRtlClearBits [0x77A1BD2F+191]\nE       \t(No symbol) [0x00000000]\n\nvenv\\Lib\\site-packages\\selenium\\webdriver\\remote\\errorhandler.py:229: JavascriptException"}, "steps": [{"name": "Открытие страницы", "status": "passed", "parameters": [{"name": "subdir", "value": "'login'"}], "start": 1712573308343, "stop": 1712573309262}, {"name": "Конструируем запрос для пользователя", "status": "passed", "parameters": [{"name": "name", "value": "'rand'"}, {"name": "email", "value": "'rand'"}, {"name": "password", "value": "'rand'"}], "start": 1712573309262, "stop": 1712573309262}, {"name": "Создание пользователя через запрос POST", "status": "passed", "parameters": [{"name": "data", "value": "{'name': 'Mark Carlson', 'password': 'Amanda Fuentes', 'email': 'jcooper@example.com'}"}], "start": 1712573309263, "stop": 1712573310300}, {"name": "Заполнение полей email/пароль, клик на вход", "status": "passed", "steps": [{"name": "Ожидание загрузки заголовка страницы входа", "status": "passed", "steps": [{"name": "Ожидание загрузки заголовка страницы", "status": "passed", "parameters": [{"name": "locator", "value": "('xpath', \".//h2[text()='Вход']\")"}], "start": 1712573310301, "stop": 1712573310319}], "start": 1712573310300, "stop": 1712573310319}, {"name": "Ввод в поле email", "status": "passed", "steps": [{"name": "Ввод текста в элемент", "status": "passed", "steps": [{"name": "Поиск элемента по локатору", "status": "passed", "parameters": [{"name": "locator", "value": "('xpath', \"//label[text()='Email']/following-sibling::*\")"}, {"name": "time", "value": "10"}], "start": 1712573310333, "stop": 1712573310333}], "parameters": [{"name": "locator", "value": "('xpath', \"//label[text()='Email']/following-sibling::*\")"}, {"name": "time", "value": "10"}, {"name": "keys", "value": "'jcooper@example.com'"}], "start": 1712573310319, "stop": 1712573310396}], "parameters": [{"name": "email", "value": "'jcooper@example.com'"}], "start": 1712573310319, "stop": 1712573310396}, {"name": "Ввод пароля", "status": "passed", "steps": [{"name": "Ввод текста в элемент", "status": "passed", "steps": [{"name": "Поиск элемента по локатору", "status": "passed", "parameters": [{"name": "locator", "value": "('xpath', \"//label[text()='Пароль']/following-sibling::*\")"}, {"name": "time", "value": "10"}], "start": 1712573310400, "stop": 1712573310400}], "parameters": [{"name": "locator", "value": "('xpath', \"//label[text()='Пароль']/following-sibling::*\")"}, {"name": "time", "value": "10"}, {"name": "keys", "value": "'Amanda Fuentes'"}], "start": 1712573310397, "stop": 1712573310447}], "parameters": [{"name": "password", "value": "'Amanda Fuentes'"}], "start": 1712573310397, "stop": 1712573310447}, {"name": "Клик на кнопку Войти", "status": "passed", "steps": [{"name": "Клик по элементу", "status": "passed", "parameters": [{"name": "locator", "value": "('xpath', \"//button[text()='Войти']\")"}, {"name": "time", "value": "10"}], "start": 1712573310447, "stop": 1712573310485}], "start": 1712573310447, "stop": 1712573310485}, {"name": "Проверка текущего url", "status": "passed", "parameters": [{"name": "subdir", "value": "''"}], "start": 1712573310485, "stop": 1712573310485}], "parameters": [{"name": "email", "value": "'jcooper@example.com'"}, {"name": "password", "value": "'Amanda Fuentes'"}], "start": 1712573310300, "stop": 1712573310485}, {"name": "Ожидание загрузки заголовка главной страницы", "status": "passed", "steps": [{"name": "Ожидание загрузки заголовка страницы", "status": "passed", "parameters": [{"name": "locator", "value": "('xpath', \".//h1[text()='Соберите бургер']\")"}], "start": 1712573310485, "stop": 1712573311000}], "start": 1712573310485, "stop": 1712573311000}, {"name": "Создание заказа перетаскиванием", "status": "passed", "steps": [{"name": "Перетаскивание первого ингредиента в корзину", "status": "passed", "steps": [{"name": "Перетаскивание элемента на элемент", "status": "passed", "parameters": [{"name": "source", "value": "('xpath', \"//a[contains(@class, 'BurgerIngredient_ingredient_')][1]\")"}, {"name": "target", "value": "('xpath', \"//section[contains(@class, 'BurgerConstructor_basket')]\")"}], "start": 1712573311000, "stop": 1712573311606}], "start": 1712573311000, "stop": 1712573311606}, {"name": "Клик на Оформить заказ", "status": "passed", "steps": [{"name": "Клик по элементу", "status": "passed", "parameters": [{"name": "locator", "value": "('xpath', \"//button[text()='Оформить заказ']\")"}, {"name": "time", "value": "10"}], "start": 1712573311606, "stop": 1712573311638}], "start": 1712573311606, "stop": 1712573311638}], "start": 1712573311000, "stop": 1712573311638}, {"name": "Получение ID заказа", "status": "passed", "steps": [{"name": "Ожидание исчезновения элемента", "status": "passed", "parameters": [{"name": "locator", "value": "('xpath', \"//h2[text()='9999']\")"}, {"name": "time", "value": "10"}], "start": 1712573311638, "stop": 1712573311649}, {"name": "Получение текста, который находится по локатору", "status": "passed", "steps": [{"name": "Поиск элемента по локатору", "status": "passed", "parameters": [{"name": "locator", "value": "('xpath', \"//h2[contains(@class, 'Modal_modal__title')]\")"}, {"name": "time", "value": "10"}], "start": 1712573311649, "stop": 1712573311656}], "parameters": [{"name": "locator", "value": "('xpath', \"//h2[contains(@class, 'Modal_modal__title')]\")"}], "start": 1712573311649, "stop": 1712573311666}], "start": 1712573311638, "stop": 1712573311666}, {"name": "Клик на крестик на всплывающем окне", "status": "passed", "steps": [{"name": "Ожидание исчезновения элемента", "status": "passed", "parameters": [{"name": "locator", "value": "('xpath', \"//img[contains(@class, 'Modal_modal__loading')]\")"}, {"name": "time", "value": "10"}], "start": 1712573311666, "stop": 1712573312703}, {"name": "Ожидание загрузки заголовка страницы", "status": "passed", "parameters": [{"name": "locator", "value": "('xpath', \"//button[contains(@class, 'Modal_modal__close')]\")"}], "start": 1712573312703, "stop": 1712573312713}], "start": 1712573311666, "stop": 1712573312733}, {"name": "Клик по кнопке Лента Заказов", "status": "passed", "steps": [{"name": "Клик по элементу", "status": "passed", "parameters": [{"name": "locator", "value": "('xpath', \"//p[text() = 'Лента Заказов']\")"}, {"name": "time", "value": "10"}], "start": 1712573312734, "stop": 1712573312975}], "start": 1712573312733, "stop": 1712573312975}, {"name": "Ожидание загрузки заголовка страницы ленты заказов", "status": "passed", "steps": [{"name": "Ожидание загрузки заголовка страницы", "status": "passed", "parameters": [{"name": "locator", "value": "('xpath', \".//h1[text()='Лента заказов']\")"}], "start": 1712573312975, "stop": 1712573313500}], "start": 1712573312975, "stop": 1712573313500}, {"name": "Проверка наличия id заказа в работе", "status": "broken", "statusDetails": {"message": "selenium.common.exceptions.JavascriptException: Message: javascript error: {\"status\":32,\"value\":\"Unable to locate an element with the xpath expression ///li[text()=''] because of the following error:\\nSyntaxError: Failed to execute 'evaluate' on 'Document': The string '///li[text()='']' is not a valid XPath expression.\"}\n  (Session info: chrome=123.0.6312.106)\nStacktrace:\n\tGetHandleVerifier [0x003C4CE3+225091]\n\t(No symbol) [0x002F4E31]\n\t(No symbol) [0x00199A7A]\n\t(No symbol) [0x0019DEB0]\n\t(No symbol) [0x0019F862]\n\t(No symbol) [0x0019F8E0]\n\t(No symbol) [0x001D14A8]\n\t(No symbol) [0x001D188B]\n\t(No symbol) [0x00207882]\n\t(No symbol) [0x001EF5A4]\n\t(No symbol) [0x00205CB0]\n\t(No symbol) [0x001EF2F6]\n\t(No symbol) [0x001C79B9]\n\t(No symbol) [0x001C879D]\n\tsqlite3_dbdata_init [0x00839A83+4064547]\n\tsqlite3_dbdata_init [0x0084108A+4094762]\n\tsqlite3_dbdata_init [0x0083B988+4072488]\n\tsqlite3_dbdata_init [0x0053C9E9+930953]\n\t(No symbol) [0x00300804]\n\t(No symbol) [0x002FAD28]\n\t(No symbol) [0x002FAE51]\n\t(No symbol) [0x002ECAC0]\n\tBaseThreadInitThunk [0x76507BA9+25]\n\tRtlInitializeExceptionChain [0x77A1BDAB+107]\n\tRtlClearBits [0x77A1BD2F+191]\n\t(No symbol) [0x00000000]\n\n", "trace": "  File \"C:\\Users\\sitni\\PycharmProjects\\Diplom_Julia_Sitnikova_5\\Diplom_3\\venv\\Lib\\site-packages\\allure_commons\\_allure.py\", line 192, in impl\n    return func(*a, **kw)\n           ^^^^^^^^^^^^^^\n  File \"C:\\Users\\sitni\\PycharmProjects\\Diplom_Julia_Sitnikova_5\\Diplom_3\\pages\\list_orders_page.py\", line 62, in check_id_order_at_work_orders\n    return self.check_pop_open(locator)\n           ^^^^^^^^^^^^^^^^^^^^^^^^^^^^\n  File \"C:\\Users\\sitni\\PycharmProjects\\Diplom_Julia_Sitnikova_5\\Diplom_3\\venv\\Lib\\site-packages\\allure_commons\\_allure.py\", line 192, in impl\n    return func(*a, **kw)\n           ^^^^^^^^^^^^^^\n  File \"C:\\Users\\sitni\\PycharmProjects\\Diplom_Julia_Sitnikova_5\\Diplom_3\\pages\\base_page.py\", line 67, in check_pop_open\n    self.driver.find_element(*locator)\n  File \"C:\\Users\\sitni\\PycharmProjects\\Diplom_Julia_Sitnikova_5\\Diplom_3\\venv\\Lib\\site-packages\\selenium\\webdriver\\remote\\webdriver.py\", line 741, in find_element\n    return self.execute(Command.FIND_ELEMENT, {\"using\": by, \"value\": value})[\"value\"]\n           ^^^^^^^^^^^^^^^^^^^^^^^^^^^^^^^^^^^^^^^^^^^^^^^^^^^^^^^^^^^^^^^^^\n  File \"C:\\Users\\sitni\\PycharmProjects\\Diplom_Julia_Sitnikova_5\\Diplom_3\\venv\\Lib\\site-packages\\selenium\\webdriver\\remote\\webdriver.py\", line 347, in execute\n    self.error_handler.check_response(response)\n  File \"C:\\Users\\sitni\\PycharmProjects\\Diplom_Julia_Sitnikova_5\\Diplom_3\\venv\\Lib\\site-packages\\selenium\\webdriver\\remote\\errorhandler.py\", line 229, in check_response\n    raise exception_class(message, screen, stacktrace)\n"}, "steps": [{"name": "Поиск элемента по локатору", "status": "passed", "parameters": [{"name": "locator", "value": "('xpath', \"//ul[contains(@class, 'OrderFeed_orderListReady_')]\")"}, {"name": "time", "value": "10"}], "start": 1712573313500, "stop": 1712573313500}, {"name": "Проверка видимости всплывающего окна", "status": "broken", "statusDetails": {"message": "selenium.common.exceptions.JavascriptException: Message: javascript error: {\"status\":32,\"value\":\"Unable to locate an element with the xpath expression ///li[text()=''] because of the following error:\\nSyntaxError: Failed to execute 'evaluate' on 'Document': The string '///li[text()='']' is not a valid XPath expression.\"}\n  (Session info: chrome=123.0.6312.106)\nStacktrace:\n\tGetHandleVerifier [0x003C4CE3+225091]\n\t(No symbol) [0x002F4E31]\n\t(No symbol) [0x00199A7A]\n\t(No symbol) [0x0019DEB0]\n\t(No symbol) [0x0019F862]\n\t(No symbol) [0x0019F8E0]\n\t(No symbol) [0x001D14A8]\n\t(No symbol) [0x001D188B]\n\t(No symbol) [0x00207882]\n\t(No symbol) [0x001EF5A4]\n\t(No symbol) [0x00205CB0]\n\t(No symbol) [0x001EF2F6]\n\t(No symbol) [0x001C79B9]\n\t(No symbol) [0x001C879D]\n\tsqlite3_dbdata_init [0x00839A83+4064547]\n\tsqlite3_dbdata_init [0x0084108A+4094762]\n\tsqlite3_dbdata_init [0x0083B988+4072488]\n\tsqlite3_dbdata_init [0x0053C9E9+930953]\n\t(No symbol) [0x00300804]\n\t(No symbol) [0x002FAD28]\n\t(No symbol) [0x002FAE51]\n\t(No symbol) [0x002ECAC0]\n\tBaseThreadInitThunk [0x76507BA9+25]\n\tRtlInitializeExceptionChain [0x77A1BDAB+107]\n\tRtlClearBits [0x77A1BD2F+191]\n\t(No symbol) [0x00000000]\n\n", "trace": "  File \"C:\\Users\\sitni\\PycharmProjects\\Diplom_Julia_Sitnikova_5\\Diplom_3\\venv\\Lib\\site-packages\\allure_commons\\_allure.py\", line 192, in impl\n    return func(*a, **kw)\n           ^^^^^^^^^^^^^^\n  File \"C:\\Users\\sitni\\PycharmProjects\\Diplom_Julia_Sitnikova_5\\Diplom_3\\pages\\base_page.py\", line 67, in check_pop_open\n    self.driver.find_element(*locator)\n  File \"C:\\Users\\sitni\\PycharmProjects\\Diplom_Julia_Sitnikova_5\\Diplom_3\\venv\\Lib\\site-packages\\selenium\\webdriver\\remote\\webdriver.py\", line 741, in find_element\n    return self.execute(Command.FIND_ELEMENT, {\"using\": by, \"value\": value})[\"value\"]\n           ^^^^^^^^^^^^^^^^^^^^^^^^^^^^^^^^^^^^^^^^^^^^^^^^^^^^^^^^^^^^^^^^^\n  File \"C:\\Users\\sitni\\PycharmProjects\\Diplom_Julia_Sitnikova_5\\Diplom_3\\venv\\Lib\\site-packages\\selenium\\webdriver\\remote\\webdriver.py\", line 347, in execute\n    self.error_handler.check_response(response)\n  File \"C:\\Users\\sitni\\PycharmProjects\\Diplom_Julia_Sitnikova_5\\Diplom_3\\venv\\Lib\\site-packages\\selenium\\webdriver\\remote\\errorhandler.py\", line 229, in check_response\n    raise exception_class(message, screen, stacktrace)\n"}, "parameters": [{"name": "locator", "value": "('xpath', \"///li[text()='']\")"}], "start": 1712573313516, "stop": 1712573313521}], "parameters": [{"name": "order_id", "value": "''"}], "start": 1712573313500, "stop": 1712573313521}], "attachments": [{"name": "stdout", "source": "5f717de9-a8c0-4e57-ada2-3801a87860b7-attachment.txt", "type": "text/plain"}], "parameters": [{"name": "driver", "value": "'chrome'"}], "start": 1712573308343, "stop": 1712573313532, "uuid": "4c28d646-6ea9-4c27-95d6-cc65e3df0eba", "historyId": "f675c8c6deeced25e5d14eca0c829af6", "testCaseId": "49b08597a01cb758a4fe790ec03e7062", "fullName": "tests.test_order_page.TestOrderList#test_new_order_availability_in_work_orders", "labels": [{"name": "parentSuite", "value": "tests"}, {"name": "suite", "value": "test_order_page"}, {"name": "subSuite", "value": "TestOrderList"}, {"name": "host", "value": "INBOOK_X2_PLUS"}, {"name": "thread", "value": "43840-MainThread"}, {"name": "framework", "value": "pytest"}, {"name": "language", "value": "cpython3"}, {"name": "package", "value": "tests.test_order_page"}]}